2021-02-07 18:08:55.804353: Key Press - w
2021-02-07 18:08:56.080398: Key Press - o
2021-02-07 18:08:56.227926: Key Press - o
2021-02-07 18:08:56.599594: Key Press - b
2021-02-07 18:08:56.900957: Key Press - Key.space
2021-02-07 18:08:58.272240: Key Press - Key.down
2021-02-07 18:08:58.509090: Key Press - Key.enter
2021-02-07 18:09:36.148502: Key Press - Key.down
2021-02-07 18:09:36.448804: Key Press - Key.down
2021-02-07 18:09:40.534492: Key Press - c
2021-02-07 18:09:40.727609: Key Press - o
2021-02-07 18:09:40.983486: Key Press - f
2021-02-07 18:09:41.149551: Key Press - f
2021-02-07 18:09:41.340544: Key Press - e
2021-02-07 18:09:42.556154: Key Press - Key.backspace
2021-02-07 18:09:42.880168: Key Press - Key.backspace
2021-02-07 18:09:43.045424: Key Press - Key.backspace
2021-02-07 18:09:43.206603: Key Press - Key.backspace
2021-02-07 18:09:43.412810: Key Press - Key.backspace
2021-02-07 18:09:52.101330: Key Press - a
2021-02-07 18:09:52.338137: Key Press - i
2021-02-07 18:09:52.669183: Key Press - r
2021-02-07 18:09:54.092371: Key Press - p
2021-02-07 18:09:54.314827: Key Press - o
2021-02-07 18:09:54.478965: Key Press - d
2021-02-07 18:09:54.698283: Key Press - s
2021-02-07 18:09:54.950839: Key Press - Key.space
2021-02-07 18:09:55.720434: Key Press - c
2021-02-07 18:09:55.924815: Key Press - o
2021-02-07 18:09:56.258416: Key Press - v
2021-02-07 18:09:56.361993: Key Press - e
2021-02-07 18:09:56.580422: Key Press - r
2021-02-07 18:09:58.470134: Key Press - Key.enter
2021-02-07 18:11:05.355195: Key Press - 5
2021-02-07 18:11:05.543588: Key Press - 5
2021-02-07 18:11:06.028422: Key Press - 5
2021-02-07 18:11:06.454375: Key Press - 5
2021-02-07 18:11:07.992699: Key Press - Key.backspace
2021-02-07 18:11:08.187330: Key Press - Key.backspace
2021-02-07 18:11:08.345782: Key Press - Key.backspace
2021-02-07 18:11:08.550358: Key Press - Key.backspace
2021-02-07 18:11:09.833602: Key Press - 1
2021-02-07 18:11:10.169901: Key Press - 2
2021-02-07 18:11:10.437734: Key Press - 3
2021-02-07 18:11:10.696540: Key Press - 4
2021-02-07 18:11:10.947990: Key Press - 5
2021-02-07 18:11:11.197611: Key Press - 6
2021-02-07 18:11:11.450166: Key Press - 7
2021-02-07 18:11:12.054905: Key Press - 6
2021-02-07 18:11:12.305901: Key Press - 5
2021-02-07 18:11:12.577401: Key Press - 4
2021-02-07 18:11:12.854795: Key Press - 3
2021-02-07 18:11:13.129035: Key Press - 2
2021-02-07 18:11:13.420036: Key Press - 1
2021-02-07 18:11:14.852566: Key Press - w
2021-02-07 18:11:15.061958: Key Press - w
2021-02-07 18:11:15.529128: Key Press - Key.backspace
2021-02-07 18:11:15.735707: Key Press - Key.backspace
2021-02-07 18:11:15.975677: Key Press - 3
2021-02-07 18:11:16.185462: Key Press - 2
2021-02-07 18:11:16.429715: Key Press - 3
2021-02-07 18:11:16.730320: Key Press - 4
2021-02-07 18:11:19.725139: Key Press - m
2021-02-07 18:11:19.828814: Key Press - a
2021-02-07 18:11:20.022796: Key Press - h
2021-02-07 18:11:20.262852: Key Press - m
2021-02-07 18:11:20.463194: Key Press - o
2021-02-07 18:11:20.675829: Key Press - u
2021-02-07 18:11:20.815161: Key Press - d
2021-02-07 18:11:23.004608: Key Press - 1
2021-02-07 18:11:23.261849: Key Press - 2
2021-02-07 18:11:25.829388: Key Press - Key.backspace
2021-02-07 18:11:25.982256: Key Press - Key.backspace
2021-02-07 18:11:26.201109: Key Press - 1
2021-02-07 18:11:26.360406: Key Press - 1
2021-02-07 18:11:27.511812: Key Press - Key.backspace
2021-02-07 18:11:27.713706: Key Press - 2
2021-02-07 18:11:28.412052: Key Press - 0
2021-02-07 18:11:28.793593: Key Press - 2
2021-02-07 18:11:29.019088: Key Press - 1
2021-02-07 18:11:30.236789: Key Press - 2
2021-02-07 18:11:31.264938: Key Press - 0
2021-02-07 18:11:31.895217: Key Press - Key.backspace
2021-02-07 18:11:34.741385: Key Press - Key.backspace
2021-02-07 18:11:35.803365: Key Press - 2
2021-02-07 18:11:36.078982: Key Press - 0
2021-02-07 18:11:36.406091: Key Press - 2
2021-02-07 18:11:36.699645: Key Press - 1
2021-02-07 18:11:38.088338: Key Press - Key.backspace
2021-02-07 18:11:38.413676: Key Press - Key.backspace
2021-02-07 18:11:38.597390: Key Press - Key.backspace
2021-02-07 18:11:38.743236: Key Press - Key.backspace
2021-02-07 18:11:38.881665: Key Press - Key.backspace
2021-02-07 18:11:41.856774: Key Press - 1
2021-02-07 18:11:42.049364: Key Press - 1
2021-02-07 18:11:42.895573: Key Press - 2
2021-02-07 18:11:43.132945: Key Press - 0
2021-02-07 18:11:43.709480: Key Press - Key.backspace
2021-02-07 18:11:45.591693: Key Press - 4
2021-02-07 18:11:47.869785: Key Press - 5
2021-02-07 18:11:48.086406: Key Press - 4
2021-02-07 18:11:48.228432: Key Press - 3
2021-02-07 18:15:40.856372: Key Press - Key.ctrl
2021-02-07 18:15:41.404608: Key Press - d
2021-02-07 18:15:43.940161: Key Press - Key.ctrl
2021-02-07 18:15:44.633983: Key Press - f
2021-02-07 18:15:45.730372: Key Press - Key.backspace
2021-02-07 18:15:45.917006: Key Press - Key.backspace
2021-02-07 18:15:46.180101: Key Press - Key.ctrl
2021-02-07 18:15:46.509352: Key Press - d
2021-02-07 18:15:46.966590: Key Press - Key.ctrl
2021-02-07 18:15:47.202981: Key Press - c
